<?xml version="1.0" encoding="UTF-8"?>
<!-- Generated by org.testng.reporters.JUnitXMLReporter -->
<testsuite ignored="3" hostname="sunshine" failures="0" tests="2" name="Default test(failed)" time="25.371" errors="0" timestamp="2023-12-28T14:33:52 IST">
  <testcase classname="testcases.CheckoutPage1Test" name="verifyURLTest" time="0.958"/>
  <testcase classname="testcases.CheckoutPage1Test" name="continuebuttonTest" time="0.098"/>
  <testcase classname="testcases.CheckoutPage1Test" name="InputinfoTest" time="0.0">
    <ignored/>
  </testcase> <!-- InputinfoTest -->
  <testcase classname="testcases.CheckoutPage1Test" name="verifylabelTest" time="0.0">
    <ignored/>
  </testcase> <!-- verifylabelTest -->
  <testcase classname="testcases.CheckoutPage1Test" name="cancelbuttonTest" time="0.0">
    <ignored/>
  </testcase> <!-- cancelbuttonTest -->
</testsuite> <!-- Default test(failed) -->
