<?xml version="1.0" encoding="UTF-8"?>
<!-- Generated by org.testng.reporters.JUnitXMLReporter -->
<testsuite ignored="11" hostname="sunshine" failures="0" tests="3" name="Sanity_Regression_Retesting_Test" time="31.595" errors="0" timestamp="2024-01-03T15:22:52 IST">
  <testcase classname="testcases.Inventory_PageTest" name="add6products" time="1.474"/>
  <testcase classname="testcases.Inventory_PageTest" name="remove2productsTest" time="0.727"/>
  <testcase classname="testcases.LoginPageTest" name="logintoApplicationTest" time="0.55"/>
  <testcase classname="testcases.Inventory_PageTest" name="verifytextPresentonPage" time="0.0">
    <ignored/>
  </testcase> <!-- verifytextPresentonPage -->
  <testcase classname="testcases.Inventory_PageTest" name="verifyFacebooklogo" time="0.0">
    <ignored/>
  </testcase> <!-- verifyFacebooklogo -->
  <testcase classname="testcases.Cart_Page_Test" name="verifycartPageLabelTest" time="0.0">
    <ignored/>
  </testcase> <!-- verifycartPageLabelTest -->
  <testcase classname="testcases.Cart_Page_Test" name="clickonCheckoutButtonTest" time="0.0">
    <ignored/>
  </testcase> <!-- clickonCheckoutButtonTest -->
  <testcase classname="testcases.Cart_Page_Test" name="verifycartURLTest" time="0.0">
    <ignored/>
  </testcase> <!-- verifycartURLTest -->
  <testcase classname="testcases.Inventory_PageTest" name="verifyLinkedInLogo" time="0.0">
    <ignored/>
  </testcase> <!-- verifyLinkedInLogo -->
  <testcase classname="testcases.LoginPageTest" name="verifyURLofApplicationTest" time="0.0">
    <ignored/>
  </testcase> <!-- verifyURLofApplicationTest -->
  <testcase classname="testcases.Inventory_PageTest" name="verifyProductlableTest" time="0.0">
    <ignored/>
  </testcase> <!-- verifyProductlableTest -->
  <testcase classname="testcases.Cart_Page_Test" name="clickoncontinueshoppingTest" time="0.0">
    <ignored/>
  </testcase> <!-- clickoncontinueshoppingTest -->
  <testcase classname="testcases.LoginPageTest" name="verifyTitleOfApplicationTest" time="0.0">
    <ignored/>
  </testcase> <!-- verifyTitleOfApplicationTest -->
  <testcase classname="testcases.Inventory_PageTest" name="verifyTwitterLogo" time="0.0">
    <ignored/>
  </testcase> <!-- verifyTwitterLogo -->
</testsuite> <!-- Sanity_Regression_Retesting_Test -->
