<?xml version="1.0" encoding="UTF-8"?>
<!-- Generated by org.testng.reporters.JUnitXMLReporter -->
<testsuite ignored="0" hostname="sunshine" failures="0" tests="10" name="Login_Inventory_Test" time="103.18" errors="0" timestamp="2023-12-26T14:01:37 IST">
  <testcase classname="testcases.Inventory_PageTest" name="add6products" time="1.631"/>
  <testcase classname="testcases.Inventory_PageTest" name="remove2productsTest" time="0.745"/>
  <testcase classname="testcases.Inventory_PageTest" name="verifyFacebooklogo" time="0.086"/>
  <testcase classname="testcases.Inventory_PageTest" name="verifyLinkedInLogo" time="0.063"/>
  <testcase classname="testcases.Inventory_PageTest" name="verifyProductlableTest" time="0.108"/>
  <testcase classname="testcases.Inventory_PageTest" name="verifyTwitterLogo" time="0.054"/>
  <testcase classname="testcases.Inventory_PageTest" name="verifytextPresentonPage" time="0.113"/>
  <testcase classname="testcases.LoginPageTest" name="logintoApplicationTest" time="0.552"/>
  <testcase classname="testcases.LoginPageTest" name="verifyTitleOfApplicationTest" time="0.052"/>
  <testcase classname="testcases.LoginPageTest" name="verifyURLofApplicationTest" time="0.051"/>
</testsuite> <!-- Login_Inventory_Test -->
